This file contains any messages produced by compilers while
running configure, to aid debugging if configure makes a mistake.

It was created by FDTD configure 1.0, which was
generated by GNU Autoconf 2.69.  Invocation command line was

  $ ./configure 

## --------- ##
## Platform. ##
## --------- ##

hostname = localhost.localdomain
uname -m = x86_64
uname -r = 3.14.13-100.fc19.x86_64
uname -s = Linux
uname -v = #1 SMP Fri Jul 18 02:36:00 UTC 2014

/usr/bin/uname -p = x86_64
/bin/uname -X     = unknown

/bin/arch              = x86_64
/usr/bin/arch -k       = unknown
/usr/convex/getsysinfo = unknown
/usr/bin/hostinfo      = unknown
/bin/machine           = unknown
/usr/bin/oslevel       = unknown
/bin/universe          = unknown

PATH: /usr/lib64/qt-3.3/bin
PATH: /usr/local/bin
PATH: /usr/bin
PATH: /bin
PATH: /usr/local/sbin
PATH: /usr/sbin
PATH: /home/tap620/software/mpich-3.1.1/mpich-install/bin
PATH: /home/tap620/.local/bin
PATH: /home/tap620/bin
PATH: /home/tap620/software/mpich-3.1.1/mpich-install/bin


## ----------- ##
## Core tests. ##
## ----------- ##

configure:1947: checking for a BSD-compatible install
configure:2015: result: /usr/bin/install -c
configure:2026: checking whether build environment is sane
configure:2081: result: yes
configure:2232: checking for a thread-safe mkdir -p
configure:2271: result: /usr/bin/mkdir -p
configure:2278: checking for gawk
configure:2294: found /usr/bin/gawk
configure:2305: result: gawk
configure:2316: checking whether make sets $(MAKE)
configure:2338: result: yes
configure:2367: checking whether make supports nested variables
configure:2384: result: yes
configure:2537: checking for gcc
configure:2553: found /usr/bin/gcc
configure:2564: result: gcc
configure:2595: checking for C compiler version
configure:2604: gcc --version >&5
gcc (GCC) 4.8.3 20140624 (Red Hat 4.8.3-1)
Copyright (C) 2013 Free Software Foundation, Inc.
This is free software; see the source for copying conditions.  There is NO
warranty; not even for MERCHANTABILITY or FITNESS FOR A PARTICULAR PURPOSE.

configure:2615: $? = 0
configure:2604: gcc -v >&5
Using built-in specs.
COLLECT_GCC=gcc
COLLECT_LTO_WRAPPER=/usr/libexec/gcc/x86_64-redhat-linux/4.8.3/lto-wrapper
Target: x86_64-redhat-linux
Configured with: ../configure --prefix=/usr --mandir=/usr/share/man --infodir=/usr/share/info --with-bugurl=http://bugzilla.redhat.com/bugzilla --enable-bootstrap --enable-shared --enable-threads=posix --enable-checking=release --with-system-zlib --enable-__cxa_atexit --disable-libunwind-exceptions --enable-gnu-unique-object --enable-linker-build-id --with-linker-hash-style=gnu --enable-languages=c,c++,objc,obj-c++,java,fortran,ada,go,lto --enable-plugin --enable-initfini-array --enable-java-awt=gtk --disable-dssi --with-java-home=/usr/lib/jvm/java-1.5.0-gcj-1.5.0.0/jre --enable-libgcj-multifile --enable-java-maintainer-mode --with-ecj-jar=/usr/share/java/eclipse-ecj.jar --disable-libjava-multilib --with-isl=/builddir/build/BUILD/gcc-4.8.3-20140624/obj-x86_64-redhat-linux/isl-install --with-cloog=/builddir/build/BUILD/gcc-4.8.3-20140624/obj-x86_64-redhat-linux/cloog-install --with-tune=generic --with-arch_32=i686 --build=x86_64-redhat-linux
Thread model: posix
gcc version 4.8.3 20140624 (Red Hat 4.8.3-1) (GCC) 
configure:2615: $? = 0
configure:2604: gcc -V >&5
gcc: error: unrecognized command line option '-V'
gcc: fatal error: no input files
compilation terminated.
configure:2615: $? = 4
configure:2604: gcc -qversion >&5
gcc: error: unrecognized command line option '-qversion'
gcc: fatal error: no input files
compilation terminated.
configure:2615: $? = 4
configure:2635: checking whether the C compiler works
configure:2657: gcc    conftest.c  >&5
configure:2661: $? = 0
configure:2709: result: yes
configure:2712: checking for C compiler default output file name
configure:2714: result: a.out
configure:2720: checking for suffix of executables
configure:2727: gcc -o conftest    conftest.c  >&5
configure:2731: $? = 0
configure:2753: result: 
configure:2775: checking whether we are cross compiling
configure:2783: gcc -o conftest    conftest.c  >&5
configure:2787: $? = 0
configure:2794: ./conftest
configure:2798: $? = 0
configure:2813: result: no
configure:2818: checking for suffix of object files
configure:2840: gcc -c   conftest.c >&5
configure:2844: $? = 0
configure:2865: result: o
configure:2869: checking whether we are using the GNU C compiler
configure:2888: gcc -c   conftest.c >&5
configure:2888: $? = 0
configure:2897: result: yes
configure:2906: checking whether gcc accepts -g
configure:2926: gcc -c -g  conftest.c >&5
configure:2926: $? = 0
configure:2967: result: yes
configure:2984: checking for gcc option to accept ISO C89
configure:3047: gcc  -c -g -O2  conftest.c >&5
configure:3047: $? = 0
configure:3060: result: none needed
configure:3091: checking for style of include used by make
configure:3119: result: GNU
configure:3145: checking dependency style of gcc
configure:3256: result: gcc3
configure:3329: checking for g++
configure:3345: found /usr/bin/g++
configure:3356: result: g++
configure:3383: checking for C++ compiler version
configure:3392: g++ --version >&5
g++ (GCC) 4.8.3 20140624 (Red Hat 4.8.3-1)
Copyright (C) 2013 Free Software Foundation, Inc.
This is free software; see the source for copying conditions.  There is NO
warranty; not even for MERCHANTABILITY or FITNESS FOR A PARTICULAR PURPOSE.

configure:3403: $? = 0
configure:3392: g++ -v >&5
Using built-in specs.
COLLECT_GCC=g++
COLLECT_LTO_WRAPPER=/usr/libexec/gcc/x86_64-redhat-linux/4.8.3/lto-wrapper
Target: x86_64-redhat-linux
Configured with: ../configure --prefix=/usr --mandir=/usr/share/man --infodir=/usr/share/info --with-bugurl=http://bugzilla.redhat.com/bugzilla --enable-bootstrap --enable-shared --enable-threads=posix --enable-checking=release --with-system-zlib --enable-__cxa_atexit --disable-libunwind-exceptions --enable-gnu-unique-object --enable-linker-build-id --with-linker-hash-style=gnu --enable-languages=c,c++,objc,obj-c++,java,fortran,ada,go,lto --enable-plugin --enable-initfini-array --enable-java-awt=gtk --disable-dssi --with-java-home=/usr/lib/jvm/java-1.5.0-gcj-1.5.0.0/jre --enable-libgcj-multifile --enable-java-maintainer-mode --with-ecj-jar=/usr/share/java/eclipse-ecj.jar --disable-libjava-multilib --with-isl=/builddir/build/BUILD/gcc-4.8.3-20140624/obj-x86_64-redhat-linux/isl-install --with-cloog=/builddir/build/BUILD/gcc-4.8.3-20140624/obj-x86_64-redhat-linux/cloog-install --with-tune=generic --with-arch_32=i686 --build=x86_64-redhat-linux
Thread model: posix
gcc version 4.8.3 20140624 (Red Hat 4.8.3-1) (GCC) 
configure:3403: $? = 0
configure:3392: g++ -V >&5
g++: error: unrecognized command line option '-V'
g++: fatal error: no input files
compilation terminated.
configure:3403: $? = 4
configure:3392: g++ -qversion >&5
g++: error: unrecognized command line option '-qversion'
g++: fatal error: no input files
compilation terminated.
configure:3403: $? = 4
configure:3407: checking whether we are using the GNU C++ compiler
configure:3426: g++ -c   conftest.cpp >&5
configure:3426: $? = 0
configure:3435: result: yes
configure:3444: checking whether g++ accepts -g
configure:3464: g++ -c -g  conftest.cpp >&5
configure:3464: $? = 0
configure:3505: result: yes
configure:3530: checking dependency style of g++
configure:3641: result: gcc3
configure:3658: checking for cblas_dgemm in -lgslcblas
configure:3683: gcc -o conftest -g -O2   conftest.c -lgslcblas   >&5
/usr/bin/ld: cannot find -lgslcblas
collect2: error: ld returned 1 exit status
configure:3683: $? = 1
configure: failed program was:
| /* confdefs.h */
| #define PACKAGE_NAME "FDTD"
| #define PACKAGE_TARNAME "fdtd"
| #define PACKAGE_VERSION "1.0"
| #define PACKAGE_STRING "FDTD 1.0"
| #define PACKAGE_BUGREPORT " "
| #define PACKAGE_URL ""
| #define PACKAGE "fdtd"
| #define VERSION "1.0"
| /* end confdefs.h.  */
| 
| /* Override any GCC internal prototype to avoid an error.
|    Use char because int might match the return type of a GCC
|    builtin and then its argument prototype would still apply.  */
| #ifdef __cplusplus
| extern "C"
| #endif
| char cblas_dgemm ();
| int
| main ()
| {
| return cblas_dgemm ();
|   ;
|   return 0;
| }
configure:3692: result: no
configure:3703: checking for gsl_sf_coupling_3j in -lgsl
configure:3728: gcc -o conftest -g -O2   conftest.c -lgsl   >&5
/usr/bin/ld: cannot find -lgsl
collect2: error: ld returned 1 exit status
configure:3728: $? = 1
configure: failed program was:
| /* confdefs.h */
| #define PACKAGE_NAME "FDTD"
| #define PACKAGE_TARNAME "fdtd"
| #define PACKAGE_VERSION "1.0"
| #define PACKAGE_STRING "FDTD 1.0"
| #define PACKAGE_BUGREPORT " "
| #define PACKAGE_URL ""
| #define PACKAGE "fdtd"
| #define VERSION "1.0"
| /* end confdefs.h.  */
| 
| /* Override any GCC internal prototype to avoid an error.
|    Use char because int might match the return type of a GCC
|    builtin and then its argument prototype would still apply.  */
| #ifdef __cplusplus
| extern "C"
| #endif
| char gsl_sf_coupling_3j ();
| int
| main ()
| {
| return gsl_sf_coupling_3j ();
|   ;
|   return 0;
| }
configure:3737: result: no
configure:3757: checking whether g++ supports C++11 features by default
configure:3783: g++ -c -g -O2  conftest.cpp >&5
conftest.cpp:15:21: error: expected identifier before 'sizeof'
       static_assert(sizeof(int) <= sizeof(T), "not big enough");
                     ^
conftest.cpp:15:21: error: expected ',' or '...' before 'sizeof'
conftest.cpp:15:63: error: ISO C++ forbids declaration of 'static_assert' with no type [-fpermissive]
       static_assert(sizeof(int) <= sizeof(T), "not big enough");
                                                               ^
conftest.cpp:18:29: error: '>>' should be '> >' within a nested template argument list
     typedef check<check<bool>> right_angle_brackets;
                             ^
conftest.cpp:21:13: error: expected constructor, destructor, or type conversion before '(' token
     decltype(a) b;
             ^
conftest.cpp:25:15: error: expected unqualified-id before '&&' token
     check_type&& cr = static_cast<check_type&&>(c);
               ^
conftest.cpp:27:10: error: 'd' does not name a type
     auto d = a;
          ^
configure:3783: $? = 1
configure: failed program was:
| /* confdefs.h */
| #define PACKAGE_NAME "FDTD"
| #define PACKAGE_TARNAME "fdtd"
| #define PACKAGE_VERSION "1.0"
| #define PACKAGE_STRING "FDTD 1.0"
| #define PACKAGE_BUGREPORT " "
| #define PACKAGE_URL ""
| #define PACKAGE "fdtd"
| #define VERSION "1.0"
| /* end confdefs.h.  */
| 
|   template <typename T>
|     struct check
|     {
|       static_assert(sizeof(int) <= sizeof(T), "not big enough");
|     };
| 
|     typedef check<check<bool>> right_angle_brackets;
| 
|     int a;
|     decltype(a) b;
| 
|     typedef check<int> check_type;
|     check_type c;
|     check_type&& cr = static_cast<check_type&&>(c);
| 
|     auto d = a;
| 
configure:3790: result: no
configure:3801: checking whether g++ supports C++11 features with -std=c++11
configure:3829: g++ -c -g -O2 -std=c++11  conftest.cpp >&5
configure:3829: $? = 0
configure:3838: result: yes
configure:3940: checking for boostlib >= 1.40
configure:4011: g++ -c -g -O2 -std=c++11  -I/usr/include conftest.cpp >&5
configure:4011: $? = 0
configure:4013: result: yes
configure:4285: checking that generated files are newer than configure
configure:4291: result: done
configure:4318: creating ./config.status

## ---------------------- ##
## Running config.status. ##
## ---------------------- ##

This file was extended by FDTD config.status 1.0, which was
generated by GNU Autoconf 2.69.  Invocation command line was

  CONFIG_FILES    = 
  CONFIG_HEADERS  = 
  CONFIG_LINKS    = 
  CONFIG_COMMANDS = 
  $ ./config.status 

on localhost.localdomain

config.status:851: creating Makefile
config.status:851: creating src/Makefile
config.status:851: creating fdtd_config.h
config.status:1080: executing depfiles commands

## ---------------- ##
## Cache variables. ##
## ---------------- ##

ac_cv_c_compiler_gnu=yes
ac_cv_cxx_compiler_gnu=yes
ac_cv_env_CCC_set=
ac_cv_env_CCC_value=
ac_cv_env_CC_set=
ac_cv_env_CC_value=
ac_cv_env_CFLAGS_set=
ac_cv_env_CFLAGS_value=
ac_cv_env_CPPFLAGS_set=
ac_cv_env_CPPFLAGS_value=
ac_cv_env_CXXFLAGS_set=
ac_cv_env_CXXFLAGS_value=
ac_cv_env_CXX_set=
ac_cv_env_CXX_value=
ac_cv_env_LDFLAGS_set=
ac_cv_env_LDFLAGS_value=
ac_cv_env_LIBS_set=
ac_cv_env_LIBS_value=
ac_cv_env_build_alias_set=
ac_cv_env_build_alias_value=
ac_cv_env_host_alias_set=
ac_cv_env_host_alias_value=
ac_cv_env_target_alias_set=
ac_cv_env_target_alias_value=
ac_cv_lib_gsl_gsl_sf_coupling_3j=no
ac_cv_lib_gslcblas_cblas_dgemm=no
ac_cv_objext=o
ac_cv_path_install='/usr/bin/install -c'
ac_cv_path_mkdir=/usr/bin/mkdir
ac_cv_prog_AWK=gawk
ac_cv_prog_ac_ct_CC=gcc
ac_cv_prog_ac_ct_CXX=g++
ac_cv_prog_cc_c89=
ac_cv_prog_cc_g=yes
ac_cv_prog_cxx_g=yes
ac_cv_prog_make_make_set=yes
am_cv_CC_dependencies_compiler_type=gcc3
am_cv_CXX_dependencies_compiler_type=gcc3
am_cv_make_support_nested_variables=yes
ax_cv_cxx_compile_cxx11=no
ax_cv_cxx_compile_cxx11__std_cpp11=yes

## ----------------- ##
## Output variables. ##
## ----------------- ##

ACLOCAL='${SHELL} /home/tap620/git/FDTD/missing aclocal-1.13'
AMDEPBACKSLASH='\'
AMDEP_FALSE='#'
AMDEP_TRUE=''
AMTAR='$${TAR-tar}'
AM_BACKSLASH='\'
AM_DEFAULT_V='$(AM_DEFAULT_VERBOSITY)'
AM_DEFAULT_VERBOSITY='1'
AM_V='$(V)'
AUTOCONF='${SHELL} /home/tap620/git/FDTD/missing autoconf'
AUTOHEADER='${SHELL} /home/tap620/git/FDTD/missing autoheader'
AUTOMAKE='${SHELL} /home/tap620/git/FDTD/missing automake-1.13'
AWK='gawk'
BOOST_CPPFLAGS='-I/usr/include'
BOOST_LDFLAGS='-L/usr/lib64'
CC='gcc'
CCDEPMODE='depmode=gcc3'
CFLAGS='-g -O2'
CPPFLAGS=''
CXX='g++'
CXXDEPMODE='depmode=gcc3'
CXXFLAGS='-g -O2 -std=c++11'
CYGPATH_W='echo'
DEFS='-DHAVE_CONFIG_H'
DEPDIR='.deps'
ECHO_C=''
ECHO_N='-n'
ECHO_T=''
EXEEXT=''
HAVE_CXX11='1'
INSTALL_DATA='${INSTALL} -m 644'
INSTALL_PROGRAM='${INSTALL}'
INSTALL_SCRIPT='${INSTALL}'
INSTALL_STRIP_PROGRAM='$(install_sh) -c -s'
LDFLAGS=''
LIBOBJS=''
LIBS=''
LTLIBOBJS=''
MAKEINFO='${SHELL} /home/tap620/git/FDTD/missing makeinfo'
MKDIR_P='/usr/bin/mkdir -p'
OBJEXT='o'
PACKAGE='fdtd'
PACKAGE_BUGREPORT=' '
PACKAGE_NAME='FDTD'
PACKAGE_STRING='FDTD 1.0'
PACKAGE_TARNAME='fdtd'
PACKAGE_URL=''
PACKAGE_VERSION='1.0'
PATH_SEPARATOR=':'
SET_MAKE=''
SHELL='/bin/sh'
STRIP=''
VERSION='1.0'
ac_ct_CC='gcc'
ac_ct_CXX='g++'
am__EXEEXT_FALSE=''
am__EXEEXT_TRUE='#'
am__fastdepCC_FALSE='#'
am__fastdepCC_TRUE=''
am__fastdepCXX_FALSE='#'
am__fastdepCXX_TRUE=''
am__include='include'
am__isrc=''
am__leading_dot='.'
am__nodep='_no'
am__quote=''
am__tar='$${TAR-tar} chof - "$$tardir"'
am__untar='$${TAR-tar} xf -'
bindir='${exec_prefix}/bin'
build_alias=''
datadir='${datarootdir}'
datarootdir='${prefix}/share'
docdir='${datarootdir}/doc/${PACKAGE_TARNAME}'
dvidir='${docdir}'
exec_prefix='${prefix}'
host_alias=''
htmldir='${docdir}'
includedir='${prefix}/include'
infodir='${datarootdir}/info'
install_sh='${SHELL} /home/tap620/git/FDTD/install-sh'
libdir='${exec_prefix}/lib'
libexecdir='${exec_prefix}/libexec'
localedir='${datarootdir}/locale'
localstatedir='${prefix}/var'
mandir='${datarootdir}/man'
mkdir_p='$(MKDIR_P)'
oldincludedir='/usr/include'
pdfdir='${docdir}'
prefix='/usr/local/fdtd'
program_transform_name='s,x,x,'
psdir='${docdir}'
sbindir='${exec_prefix}/sbin'
sharedstatedir='${prefix}/com'
sysconfdir='${prefix}/etc'
target_alias=''

## ----------- ##
## confdefs.h. ##
## ----------- ##

/* confdefs.h */
#define PACKAGE_NAME "FDTD"
#define PACKAGE_TARNAME "fdtd"
#define PACKAGE_VERSION "1.0"
#define PACKAGE_STRING "FDTD 1.0"
#define PACKAGE_BUGREPORT " "
#define PACKAGE_URL ""
#define PACKAGE "fdtd"
#define VERSION "1.0"
#define HAVE_CXX11 1
#define HAVE_BOOST /**/

configure: exit 0
